[2019-02-04 19:28:04.059] [exthost] [info] extension host started
[2019-02-04 19:28:04.066] [exthost] [info] ExtensionService#_doActivateExtension vscode.debug-auto-launch {"startup":true,"activationEvent":"*"}
[2019-02-04 19:28:04.066] [exthost] [info] ExtensionService#loadCommonJSModule /usr/lib/code/extensions/debug-auto-launch/dist/extension
[2019-02-04 19:28:04.068] [exthost] [info] ExtensionService#_doActivateExtension vscode.emmet {"startup":true,"activationEvent":"*"}
[2019-02-04 19:28:04.068] [exthost] [info] ExtensionService#loadCommonJSModule /usr/lib/code/extensions/emmet/dist/extension
[2019-02-04 19:28:04.079] [exthost] [info] ExtensionService#_doActivateExtension vscode.git {"startup":true,"activationEvent":"*"}
[2019-02-04 19:28:04.079] [exthost] [info] ExtensionService#loadCommonJSModule /usr/lib/code/extensions/git/dist/main
[2019-02-04 19:28:04.135] [exthost] [info] ExtensionService#_doActivateExtension vscode.merge-conflict {"startup":true,"activationEvent":"*"}
[2019-02-04 19:28:04.135] [exthost] [info] ExtensionService#loadCommonJSModule /usr/lib/code/extensions/merge-conflict/dist/extension
[2019-02-04 19:28:04.138] [exthost] [info] eager extensions activated
[2019-02-04 19:28:09.048] [exthost] [info] ExtensionService#_doActivateExtension ms-vscode.cpptools {"startup":false,"activationEvent":"onLanguage:c"}
[2019-02-04 19:28:09.048] [exthost] [info] ExtensionService#loadCommonJSModule /home/main/.vscode-oss/extensions/ms-vscode.cpptools-0.21.0/out/src/main
[2019-02-04 19:28:15.421] [exthost] [info] extension host started
[2019-02-04 19:28:15.432] [exthost] [info] ExtensionService#_doActivateExtension vscode.debug-auto-launch {"startup":true,"activationEvent":"*"}
[2019-02-04 19:28:15.432] [exthost] [info] ExtensionService#loadCommonJSModule /usr/lib/code/extensions/debug-auto-launch/dist/extension
[2019-02-04 19:28:15.435] [exthost] [info] ExtensionService#_doActivateExtension vscode.emmet {"startup":true,"activationEvent":"*"}
[2019-02-04 19:28:15.435] [exthost] [info] ExtensionService#loadCommonJSModule /usr/lib/code/extensions/emmet/dist/extension
[2019-02-04 19:28:15.447] [exthost] [info] ExtensionService#_doActivateExtension vscode.git {"startup":true,"activationEvent":"*"}
[2019-02-04 19:28:15.447] [exthost] [info] ExtensionService#loadCommonJSModule /usr/lib/code/extensions/git/dist/main
[2019-02-04 19:28:15.502] [exthost] [info] ExtensionService#_doActivateExtension vscode.merge-conflict {"startup":true,"activationEvent":"*"}
[2019-02-04 19:28:15.502] [exthost] [info] ExtensionService#loadCommonJSModule /usr/lib/code/extensions/merge-conflict/dist/extension
[2019-02-04 19:28:15.506] [exthost] [info] ExtensionService#_doActivateExtension ms-vscode.cpptools {"startup":false,"activationEvent":"onLanguage:c"}
[2019-02-04 19:28:15.506] [exthost] [info] ExtensionService#loadCommonJSModule /home/main/.vscode-oss/extensions/ms-vscode.cpptools-0.21.0/out/src/main
[2019-02-04 19:28:15.597] [exthost] [info] eager extensions activated
