[2019-02-04 14:44:42.511] [exthost] [info] extension host started
[2019-02-04 14:44:42.519] [exthost] [info] ExtensionService#_doActivateExtension vscode.debug-auto-launch {"startup":true,"activationEvent":"*"}
[2019-02-04 14:44:42.519] [exthost] [info] ExtensionService#loadCommonJSModule /usr/lib/code/extensions/debug-auto-launch/dist/extension
[2019-02-04 14:44:42.522] [exthost] [info] ExtensionService#_doActivateExtension vscode.emmet {"startup":true,"activationEvent":"*"}
[2019-02-04 14:44:42.522] [exthost] [info] ExtensionService#loadCommonJSModule /usr/lib/code/extensions/emmet/dist/extension
[2019-02-04 14:44:42.534] [exthost] [info] ExtensionService#_doActivateExtension vscode.git {"startup":true,"activationEvent":"*"}
[2019-02-04 14:44:42.535] [exthost] [info] ExtensionService#loadCommonJSModule /usr/lib/code/extensions/git/dist/main
[2019-02-04 14:44:42.592] [exthost] [info] ExtensionService#_doActivateExtension vscode.merge-conflict {"startup":true,"activationEvent":"*"}
[2019-02-04 14:44:42.592] [exthost] [info] ExtensionService#loadCommonJSModule /usr/lib/code/extensions/merge-conflict/dist/extension
[2019-02-04 14:44:42.597] [exthost] [info] eager extensions activated
[2019-02-04 14:44:58.122] [exthost] [info] extension host started
[2019-02-04 14:44:58.128] [exthost] [info] ExtensionService#_doActivateExtension vscode.debug-auto-launch {"startup":true,"activationEvent":"*"}
[2019-02-04 14:44:58.128] [exthost] [info] ExtensionService#loadCommonJSModule /usr/lib/code/extensions/debug-auto-launch/dist/extension
[2019-02-04 14:44:58.130] [exthost] [info] ExtensionService#_doActivateExtension vscode.emmet {"startup":true,"activationEvent":"*"}
[2019-02-04 14:44:58.130] [exthost] [info] ExtensionService#loadCommonJSModule /usr/lib/code/extensions/emmet/dist/extension
[2019-02-04 14:44:58.142] [exthost] [info] ExtensionService#_doActivateExtension vscode.git {"startup":true,"activationEvent":"*"}
[2019-02-04 14:44:58.142] [exthost] [info] ExtensionService#loadCommonJSModule /usr/lib/code/extensions/git/dist/main
[2019-02-04 14:44:58.196] [exthost] [info] ExtensionService#_doActivateExtension vscode.merge-conflict {"startup":true,"activationEvent":"*"}
[2019-02-04 14:44:58.196] [exthost] [info] ExtensionService#loadCommonJSModule /usr/lib/code/extensions/merge-conflict/dist/extension
[2019-02-04 14:44:58.199] [exthost] [info] eager extensions activated
[2019-02-04 14:45:41.210] [exthost] [info] ExtensionService#_doActivateExtension ms-vscode.cpptools {"startup":false,"activationEvent":"onLanguage:c"}
[2019-02-04 14:45:41.210] [exthost] [info] ExtensionService#loadCommonJSModule /home/main/.vscode-oss/extensions/ms-vscode.cpptools-0.21.0/out/src/main
[2019-02-04 17:26:58.782] [exthost] [info] ExtensionService#_doActivateExtension ms-vscode.node-debug2 {"startup":false,"activationEvent":"onDebugInitialConfigurations"}
[2019-02-04 17:26:58.782] [exthost] [info] ExtensionService#loadCommonJSModule /usr/lib/code/extensions/ms-vscode.node-debug2/out/src/extension
[2019-02-04 17:26:58.787] [exthost] [info] ExtensionService#_doActivateExtension ms-vscode.node-debug {"startup":false,"activationEvent":"onDebugInitialConfigurations"}
[2019-02-04 17:26:58.787] [exthost] [info] ExtensionService#loadCommonJSModule /usr/lib/code/extensions/ms-vscode.node-debug/dist/extension.js
[2019-02-04 17:38:13.534] [exthost] [info] extension host started
[2019-02-04 17:38:13.541] [exthost] [info] ExtensionService#_doActivateExtension vscode.debug-auto-launch {"startup":true,"activationEvent":"*"}
[2019-02-04 17:38:13.541] [exthost] [info] ExtensionService#loadCommonJSModule /usr/lib/code/extensions/debug-auto-launch/dist/extension
[2019-02-04 17:38:13.543] [exthost] [info] ExtensionService#_doActivateExtension vscode.emmet {"startup":true,"activationEvent":"*"}
[2019-02-04 17:38:13.543] [exthost] [info] ExtensionService#loadCommonJSModule /usr/lib/code/extensions/emmet/dist/extension
[2019-02-04 17:38:13.554] [exthost] [info] ExtensionService#_doActivateExtension vscode.git {"startup":true,"activationEvent":"*"}
[2019-02-04 17:38:13.554] [exthost] [info] ExtensionService#loadCommonJSModule /usr/lib/code/extensions/git/dist/main
[2019-02-04 17:38:13.608] [exthost] [info] ExtensionService#_doActivateExtension vscode.merge-conflict {"startup":true,"activationEvent":"*"}
[2019-02-04 17:38:13.608] [exthost] [info] ExtensionService#loadCommonJSModule /usr/lib/code/extensions/merge-conflict/dist/extension
[2019-02-04 17:38:13.611] [exthost] [info] eager extensions activated
[2019-02-04 17:38:14.567] [exthost] [info] ExtensionService#_doActivateExtension ms-vscode.cpptools {"startup":false,"activationEvent":"onLanguage:cpp"}
[2019-02-04 17:38:14.567] [exthost] [info] ExtensionService#loadCommonJSModule /home/main/.vscode-oss/extensions/ms-vscode.cpptools-0.21.0/out/src/main
